<?xml version="1.0" encoding="UTF-8"?>
<testsuite name="com.example.util.WhenPerformingTheFourBasicArithmeticOperations$InDivision" tests="6" skipped="0" failures="0" errors="0" timestamp="2017-10-09T04:52:21" hostname="hyuntoui-MacBook-Pro.local" time="0.015">
  <properties/>
  <testcase name="shouldReturnTheQuotientOfNumbersWhichAreNumericString" classname="com.example.util.WhenPerformingTheFourBasicArithmeticOperations$InDivision" time="0.001"/>
  <testcase name="shouldReturnTheQuotientOfNumbersWhichAreBigDecimal" classname="com.example.util.WhenPerformingTheFourBasicArithmeticOperations$InDivision" time="0.0"/>
  <testcase name="shouldThrowExceptionWhenDivisorIsZero" classname="com.example.util.WhenPerformingTheFourBasicArithmeticOperations$InDivision" time="0.0"/>
  <testcase name="shouldReturnTheQuotientOfNumbersWhichAreNumericString" classname="com.example.util.WhenPerformingTheFourBasicArithmeticOperations$InDivision" time="0.0"/>
  <testcase name="shouldReturnTheQuotientOfNumbersWhichAreBigDecimal" classname="com.example.util.WhenPerformingTheFourBasicArithmeticOperations$InDivision" time="0.0"/>
  <testcase name="shouldThrowExceptionWhenDivisorIsZero" classname="com.example.util.WhenPerformingTheFourBasicArithmeticOperations$InDivision" time="0.0"/>
  <system-out><![CDATA[]]></system-out>
  <system-err><![CDATA[]]></system-err>
</testsuite>
